# Preference setting overrides
gui_create_pref_key -category {Globals} -key {load_detail_for_funcov} -value_type {bool} -value {false}
gui_create_pref_category -category {schem_obj_name}
gui_create_pref_key -category {schem_obj_name} -key {show_cell_and_pin_with_symbol_name} -value_type {bool} -value {false}
gui_create_pref_key -category {schem_pin_hc} -key {textExtFont} -value_type {string} -value {Helvetica,10,-1,5,50,0,0,0,0,0}

# State setting overrides
gui_state_default_create -off -ini
gui_set_state_value -category Globals -key recent_databases -value {{gui_open_db -file /nethome/pdas36/harmonica-vl-master/RTL0.0/src/register_file/tb/inter.vpd -design V1}}
gui_set_state_value -category Globals -key recent_sessions -value {{gui_load_session -ignore_errors -file /nethome/pdas36/ams/rtl_models/sha_engine/sha256/tb/session.inter.vpd.tcl -ignore_errors} {gui_load_session -ignore_errors -file /nethome/pdas36/ams/rtl_models/sha_engine/sha512/tb/session.inter.vpd.tcl -ignore_errors} {gui_load_session -ignore_errors -file /nethome/pdas36/ams/rtl_models/sha_engine/sha512/tb/session.inter.vpd.tcl} {gui_load_session -ignore_errors -file /nethome/pdas36/ams/rtl_models/sha_engine/sha256/tb/session.inter.vpd.tcl} {gui_load_session -ignore_errors -file /nethome/pdas36/harmonica_v2.0/src/control_divergence_stack/tb/session.inter.vpd.tcl -ignore_errors}}
gui_set_state_value -category Layout -key child_console_size_x -value 1760
gui_set_state_value -category Layout -key child_console_size_y -value 318
gui_set_state_value -category Layout -key child_data_coltype -value 579
gui_set_state_value -category Layout -key child_data_colvalue -value 526
gui_set_state_value -category Layout -key child_data_colvariable -value 718
gui_set_state_value -category Layout -key child_data_docknewline -value false
gui_set_state_value -category Layout -key child_data_dockstate -value undocked
gui_set_state_value -category Layout -key child_data_pos_x -value {-2}
gui_set_state_value -category Layout -key child_data_pos_y -value {-15}
gui_set_state_value -category Layout -key child_data_showstate -value maximized
gui_set_state_value -category Layout -key child_data_size_x -value 1765
gui_set_state_value -category Layout -key child_data_size_y -value 504
gui_set_state_value -category Layout -key child_driver_size_x -value 1470
gui_set_state_value -category Layout -key child_driver_size_y -value 325
gui_set_state_value -category Layout -key child_hier_colhier -value 1036
gui_set_state_value -category Layout -key child_hier_coltype -value 787
gui_set_state_value -category Layout -key child_hier_docknewline -value false
gui_set_state_value -category Layout -key child_hier_dockstate -value undocked
gui_set_state_value -category Layout -key child_hier_pos_x -value {-2}
gui_set_state_value -category Layout -key child_hier_pos_y -value {-15}
gui_set_state_value -category Layout -key child_hier_showstate -value maximized
gui_set_state_value -category Layout -key child_hier_size_x -value 1765
gui_set_state_value -category Layout -key child_hier_size_y -value 504
gui_set_state_value -category Layout -key child_schematic_docknewline -value false
gui_set_state_value -category Layout -key child_schematic_pos_x -value {-2}
gui_set_state_value -category Layout -key child_schematic_pos_y -value {-15}
gui_set_state_value -category Layout -key child_schematic_size_x -value 1768
gui_set_state_value -category Layout -key child_schematic_size_y -value 504
gui_set_state_value -category Layout -key child_source_docknewline -value false
gui_set_state_value -category Layout -key child_source_pos_x -value {-2}
gui_set_state_value -category Layout -key child_source_pos_y -value {-15}
gui_set_state_value -category Layout -key child_source_size_x -value 1765
gui_set_state_value -category Layout -key child_source_size_y -value 504
gui_set_state_value -category Layout -key child_wave_colname -value 174
gui_set_state_value -category Layout -key child_wave_colvalue -value 174
gui_set_state_value -category Layout -key child_wave_left -value 352
gui_set_state_value -category Layout -key child_wave_right -value 860
gui_set_state_value -category Layout -key main_pos_x -value 75
gui_set_state_value -category Layout -key main_pos_y -value 142
gui_set_state_value -category Layout -key main_size_x -value 1835
gui_set_state_value -category Layout -key main_size_y -value 1076
gui_set_state_value -category Layout -key stand_source_child_docknewline -value false
gui_set_state_value -category Layout -key stand_source_child_pos_x -value {-2}
gui_set_state_value -category Layout -key stand_source_child_pos_y -value {-15}
gui_set_state_value -category Layout -key stand_source_child_size_x -value 1859
gui_set_state_value -category Layout -key stand_source_child_size_y -value 943
gui_set_state_value -category Layout -key stand_source_top_pos_x -value 65
gui_set_state_value -category Layout -key stand_source_top_pos_y -value 24
gui_set_state_value -category Layout -key stand_source_top_size_x -value 1919
gui_set_state_value -category Layout -key stand_source_top_size_y -value 1079
gui_set_state_value -category Layout -key stand_wave_child_docknewline -value false
gui_set_state_value -category Layout -key stand_wave_child_pos_x -value {-2}
gui_set_state_value -category Layout -key stand_wave_child_pos_y -value {-15}
gui_set_state_value -category Layout -key stand_wave_child_size_x -value 1222
gui_set_state_value -category Layout -key stand_wave_child_size_y -value 483
gui_set_state_value -category Layout -key stand_wave_top_pos_x -value 372
gui_set_state_value -category Layout -key stand_wave_top_pos_y -value 548
gui_set_state_value -category Layout -key stand_wave_top_size_x -value 1589
gui_set_state_value -category Layout -key stand_wave_top_size_y -value 1169
gui_set_state_value -category SaveSession -key single_view_name -value Wave.1
gui_create_state_key -category FindDialog -key m_pMatchCase -value_type bool -value false
gui_create_state_key -category FindDialog -key m_pMatchWord -value_type bool -value false
gui_create_state_key -category FindDialog -key m_pUseCombo -value_type string -value {}
gui_create_state_key -category FindDialog -key m_pWrapAround -value_type bool -value true
gui_create_state_key -category Widget_History -key Find|m_pFindFrame|m_pFindCombo -value_type string -value {int_hash_cell_in wdata_14 wdata_15 next_state_sm3}
gui_create_state_key -category Widget_History -key TopLevel.1|qt_top_dock|&Edit|FindCombo -value_type string -value {int_hash_cell_in wdata_14 wdata_15 next_state_sm3}
gui_create_state_key -category Widget_History -key TopLevel.2|qt_top_dock|&Edit|FindCombo -value_type string -value {int_hash_cell_in wdata_14 wdata_15 next_state_sm3}
gui_create_state_key -category Widget_History -key dlgDumpValues|m_Combo -value_type string -value {test_top tb tb.STACK tb.WT tb.TOP}
gui_create_state_key -category Widget_History -key {dlgSimSetup|m_setupTab|tab pages|SimTab|m_VPDCombo} -value_type string -value inter.vpd
gui_create_state_key -category Widget_History -key {dlgSimSetup|m_setupTab|tab pages|SimTab|m_curDirCombo} -value_type string -value /nethome/pdas36/cs7290_f17/project_work/design/vcs
gui_create_state_key -category Widget_History -key {dlgSimSetup|m_setupTab|tab pages|SimTab|m_exeCombo} -value_type string -value ./simv
gui_state_default_create -off

# Begin command logging
gui_sim_run Ucli -exe ./simv -args {-ucligui  } -dir .
gui_list_expand -id  Hier.1   tb
gui_list_expand -id  Hier.1   tb.RBLOCK
gui_list_select -id Hier.1 -current_item_name tb.RBLOCK -current_item_type Scope  -selected  { tb.RBLOCK   }
gui_list_select -id Data.1 -selected  { tb.RBLOCK.clk   }
gui_list_select -id Data.1 -selected  { tb.RBLOCK.clk  tb.RBLOCK.rst_n   }
gui_open_window Wave
gui_list_add -id Wave.1 -from Data.1 { tb.RBLOCK.clk tb.RBLOCK.rst_n } -insertionbar
gui_list_select -id Data.1 -selected  { tb.RBLOCK.clk  tb.RBLOCK.rst_n  {tb.RBLOCK.rdata_0_0[31:0]}   }
gui_list_select -id Data.1 -selected  { tb.RBLOCK.clk  tb.RBLOCK.rst_n  {tb.RBLOCK.rdata_0_0[31:0]}  {tb.RBLOCK.rdata_0_1[31:0]}   }
gui_list_add -id Wave.1 -from Data.1 { {tb.RBLOCK.rdata_0_0[31:0]} {tb.RBLOCK.rdata_0_1[31:0]} tb.RBLOCK.clk tb.RBLOCK.rst_n } -insertionbar
gui_list_select -id Data.1 -selected  { {tb.RBLOCK.read_en_0[15:0]}   }
gui_list_select -id Data.1 -selected  { {tb.RBLOCK.read_en_0[15:0]}  {tb.RBLOCK.read_en_1[15:0]}   }
gui_list_select -id Data.1 -selected  { {tb.RBLOCK.read_en_0[15:0]}  {tb.RBLOCK.read_en_1[15:0]}  {tb.RBLOCK.write_en[15:0]}   }
gui_list_select -id Data.1 -selected  { {tb.RBLOCK.read_en_0[15:0]}  {tb.RBLOCK.read_en_1[15:0]}  {tb.RBLOCK.write_en[15:0]}  {tb.RBLOCK.raddr_0[4:0]}   }
gui_list_select -id Data.1 -selected  { {tb.RBLOCK.read_en_0[15:0]}  {tb.RBLOCK.read_en_1[15:0]}  {tb.RBLOCK.write_en[15:0]}  {tb.RBLOCK.raddr_0[4:0]}  {tb.RBLOCK.raddr_1[4:0]}   }
gui_list_select -id Data.1 -selected  { {tb.RBLOCK.read_en_0[15:0]}  {tb.RBLOCK.read_en_1[15:0]}  {tb.RBLOCK.write_en[15:0]}  {tb.RBLOCK.raddr_0[4:0]}  {tb.RBLOCK.raddr_1[4:0]}  {tb.RBLOCK.waddr[4:0]}   }
gui_list_select -id Data.1 -selected  { {tb.RBLOCK.read_en_0[15:0]}  {tb.RBLOCK.read_en_1[15:0]}  {tb.RBLOCK.write_en[15:0]}  {tb.RBLOCK.raddr_0[4:0]}  {tb.RBLOCK.raddr_1[4:0]}  {tb.RBLOCK.waddr[4:0]}  {tb.RBLOCK.wdata_0[31:0]}   }
gui_list_select -id Data.1 -selected  { {tb.RBLOCK.read_en_0[15:0]}  {tb.RBLOCK.read_en_1[15:0]}  {tb.RBLOCK.write_en[15:0]}  {tb.RBLOCK.raddr_0[4:0]}  {tb.RBLOCK.raddr_1[4:0]}  {tb.RBLOCK.waddr[4:0]}  {tb.RBLOCK.wdata_0[31:0]}  {tb.RBLOCK.wdata_1[31:0]}   }
gui_list_select -id Data.1 -selected  { {tb.RBLOCK.read_en_0[15:0]}  {tb.RBLOCK.read_en_1[15:0]}  {tb.RBLOCK.write_en[15:0]}  {tb.RBLOCK.raddr_0[4:0]}  {tb.RBLOCK.raddr_1[4:0]}  {tb.RBLOCK.waddr[4:0]}  {tb.RBLOCK.wdata_0[31:0]}   }
gui_list_add -id Wave.1 -from Data.1 { {tb.RBLOCK.read_en_0[15:0]} {tb.RBLOCK.read_en_1[15:0]} {tb.RBLOCK.write_en[15:0]} {tb.RBLOCK.raddr_0[4:0]} {tb.RBLOCK.raddr_1[4:0]} {tb.RBLOCK.waddr[4:0]} {tb.RBLOCK.wdata_0[31:0]} } -insertionbar
gui_list_select -id Wave.1 -selected  { tb.RBLOCK.clk   }
gui_delete_selected -id  Wave.1
gui_list_select -id Wave.1 -selected  { tb.RBLOCK.rst_n   }
gui_delete_selected -id  Wave.1
gui_list_select -id Wave.1 -selected  { {tb.RBLOCK.read_en_0[15:0]}   }
gui_list_add  -id  Wave.1   -after tb.RBLOCK.rst_n {{tb.RBLOCK.read_en_0[15:0]}} 
gui_list_select -id Wave.1 -selected  { {tb.RBLOCK.read_en_1[15:0]}   }
gui_list_move  -id  Wave.1    -sid  Wave.1   -after {tb.RBLOCK.read_en_0[15:0]} {{tb.RBLOCK.read_en_1[15:0]}} 
gui_list_select -id Wave.1 -selected  { {tb.RBLOCK.rdata_0_1[31:0]}   }
gui_list_select -id Wave.1 -selected  { {tb.RBLOCK.read_en_0[15:0]}   }
gui_list_move  -id  Wave.1    -sid  Wave.1   -after {tb.RBLOCK.read_en_0[15:0]} {{tb.RBLOCK.read_en_0[15:0]}} 
gui_delete_selected -id  Wave.1
gui_list_select -id Wave.1 -selected  { {tb.RBLOCK.read_en_1[15:0]}   }
gui_list_select -id Wave.1 -selected  { {tb.RBLOCK.write_en[15:0]}   }
gui_list_move  -id  Wave.1    -sid  Wave.1   -after {tb.RBLOCK.read_en_1[15:0]} {{tb.RBLOCK.write_en[15:0]}} 
gui_list_select -id Wave.1 -selected  { {tb.RBLOCK.raddr_0[4:0]}   }
gui_list_move  -id  Wave.1    -sid  Wave.1   -after {tb.RBLOCK.write_en[15:0]} {{tb.RBLOCK.raddr_0[4:0]}} 
gui_list_select -id Wave.1 -selected  { {tb.RBLOCK.raddr_1[4:0]}   }
gui_list_move  -id  Wave.1    -sid  Wave.1   -after {tb.RBLOCK.raddr_0[4:0]} {{tb.RBLOCK.raddr_1[4:0]}} 
gui_list_select -id Wave.1 -selected  { {tb.RBLOCK.waddr[4:0]}   }
gui_list_move  -id  Wave.1    -sid  Wave.1   -after {tb.RBLOCK.raddr_1[4:0]} {{tb.RBLOCK.waddr[4:0]}} 
gui_list_select -id Wave.1 -selected  { {tb.RBLOCK.wdata_0[31:0]}   }
gui_list_move  -id  Wave.1    -sid  Wave.1   -after {tb.RBLOCK.waddr[4:0]} {{tb.RBLOCK.wdata_0[31:0]}} 
gui_list_select -id Wave.1 -selected  { {tb.RBLOCK.rdata_0_0[31:0]}   }
gui_list_move  -id  Wave.1    -sid  Wave.1   -after {tb.RBLOCK.wdata_0[31:0]} {{tb.RBLOCK.rdata_0_0[31:0]}} 
gui_list_select -id Wave.1 -selected  { {tb.RBLOCK.rdata_0_1[31:0]}   }
gui_list_move  -id  Wave.1    -sid  Wave.1   -after {tb.RBLOCK.rdata_0_0[31:0]} {{tb.RBLOCK.rdata_0_1[31:0]}} 
gui_sim_continue  
gui_zoom -window Wave.1 -full
gui_wv_zoom_timerange -id  Wave.1 0 14759
gui_wv_zoom_timerange -id  Wave.1 0 3571
gui_wv_zoom_timerange -id  Wave.1 0 1996
gui_wv_zoom_timerange -id  Wave.1 0 921
gui_wv_zoom_timerange -id  Wave.1 0 379
gui_wv_zoom_timerange -id  Wave.1 0 197
gui_list_select -id Wave.1 -selected  { {New Group}   }
gui_list_set_insertion_bar -id  Wave.1 -item  {New Group} -group  {New Group} -pos in
gui_close_window -window TopLevel.2
