16:11:16    16 -->                                                             [tcl] ucliGUI::connect -toolargs -ucligui -toolexe ./simv -pid 64850 -toolin /tmp/vcs_20180426201112_64849_pdas36..stdin -toolout /tmp/vcs_20180426201112_64849_pdas36..stdout  
16:11:16    17 -->                                                                 [tcl] set ucliGUI::state
16:11:16    18 -->                                                                     [tcl] gui_update_simulator_buttons
16:11:18    19 -->                                                                         [tcl] set ucliGUI::state
16:11:18    20 -->                                                                             [tcl] ucliCore::getToolPID
16:11:18    21 -->                                                                                 [tcl] synopsys::env hasTB
16:11:18    22 -->                                                                                     [tcl] trigger_hier_stack_context_switch 0
16:11:18    23 -->                                                                                         [tcl] synUtils::setDVEInitPhase 1
16:11:18    24 -->                                                                                             [tcl] gui_get_env SIMSETUP::SIMVPD
16:11:18    25 --> ...  [tcl] synopsys::dump -type VPD -file /nethome/pdas36/harmonica_v2.0/src/register_block/tb/inter.vpd -locking
16:11:18    26 --> ...      [tcl] synopsys::dump -autoflush on -fid VPD0
16:11:18    27 --> ...          [tcl] set ::dve_fid VPD0
16:11:18    28 --> ...              [tcl] synUtils::setDVEInitPhase 0
16:11:18    29 --> ...                  [tcl] ucliCore::getToolPID
16:11:18    30 --> ...                      [tcl] synUtils::sendTool -active _icl_setToolSocket /tmp/smlnpSshn8O
16:11:18    31 --> ...                          [tcl] synUtils::sendTool -active {_icl_start_rpc -version "I-2014.03" -sync_file /tmp/vcs_dve_rpc.pdas36.64850}
16:11:18    32 --> ...                              [tcl] synUtils::sendTool -active {_icl_createSharedMemory /tmp/vcs_dve_general.pdas36.64850}
16:11:18    33 --> ...                                  [tcl] dveMisc::vbusExpand tb
16:11:18    34 --> ...                                      [tcl] ucliGUI::vpdAddHierarchy -scope tb -depth 1 -file /nethome/pdas36/harmonica_v2.0/src/register_block/tb/inter.vpd; synopsys::dump -flush VPD0
16:11:19    35 --> ...                                          [tcl] config endofsim noexit
16:11:19    36 --> ...                                              [tcl] config onfail enable all
16:11:19    37 --> ...                                                  [tcl] config syscaddplainmembers
16:11:19    38 --> ...                                                      [tcl] config syscaddsourcenames
16:11:19    39 --> ...                                                          [tcl] config syscaddstructtypes
16:11:19    40 --> ...                                                              [tcl] synopsys::listing -disable
16:11:27    41 --> ...                                                                  [tcl] dveMisc::vbusExpand tb.RBLOCK
16:11:44    42 --> ...                                                                      [tcl] synopsys::dump -add {tb.RBLOCK.clk tb.RBLOCK.rst_n } -aggregates  -fid VPD0
16:11:51    43 --> ...                                                                          [tcl] synopsys::dump -add {tb.RBLOCK.rdata_0_0 tb.RBLOCK.rdata_0_1 } -aggregates  -fid VPD0
16:12:03    44 --> ...                                                                              [tcl] synopsys::dump -add {tb.RBLOCK.raddr_0 tb.RBLOCK.raddr_1 tb.RBLOCK.read_en_0 tb.RBLOCK.read_en_1 tb.RBLOCK.waddr tb.RBLOCK.wdata_0 tb.RBLOCK.write_en } -aggregates  -fid VPD0
16:12:56    45 --> ...                                                                                  [tcl] synopsys::run
16:12:56    46 --> ...                                                                                      [tcl] set ucliGUI::state
16:12:56    47 --> ...                                                                                          [tcl] set ucliGUI::state
16:12:56    48 --> ...                                                                                              [tcl] gui_update_simulator_buttons
16:12:56    49 --> ...                                                                                                  [tcl] set ucliGUI::state
16:12:56    50 --> ...  [tcl] set ucliGUI::state
16:12:56    51 --> ...      [tcl] catch {senv activeDomain} dveMisc::result 
16:12:56    52 --> ...          [tcl] set dveMisc::result
16:12:56    53 --> ...              [tcl] gui_update_simulator_buttons
16:22:00    54 --> ...                  [tcl] if [catch {gui_sim_terminate}] {gui_sim_terminate -kill}
16:22:00    55 --> ...                      [tcl] synopsys::finish
16:22:00    56 --> ...                          [tcl] set ucliGUI::state
16:22:01    57 --> ...                              [tcl] set ucliGUI::state
16:22:01    58 --> ...                                  [tcl] catch {senv activeDomain} dveMisc::result 
16:22:01    59 --> ...                                      [tcl] set dveMisc::result
16:22:01    60 --> ...                                          [tcl] gui_update_simulator_buttons
16:22:01    61 --> ...                                              [tcl] catch {senv activeDomain} dveMisc::result 
16:22:01    62 --> ...                                                  [tcl] set dveMisc::result
16:22:01    63 --> ...                                                      [tcl] ucli_exit
