# Preference setting overrides
gui_create_pref_key -category {Globals} -key {load_detail_for_funcov} -value_type {bool} -value {false}
gui_create_pref_category -category {schem_obj_name}
gui_create_pref_key -category {schem_obj_name} -key {show_cell_and_pin_with_symbol_name} -value_type {bool} -value {false}
gui_create_pref_key -category {schem_pin_hc} -key {textExtFont} -value_type {string} -value {Helvetica,10,-1,5,50,0,0,0,0,0}

# State setting overrides
gui_state_default_create -off -ini
gui_set_state_value -category Globals -key recent_databases -value {{gui_open_db -file /nethome/pdas36/harmonica-vl-master/RTL0.0/src/register_file/tb/inter.vpd -design V1}}
gui_set_state_value -category Globals -key recent_sessions -value {{gui_load_session -ignore_errors -file /nethome/pdas36/ams/rtl_models/sha_engine/sha256/tb/session.inter.vpd.tcl -ignore_errors} {gui_load_session -ignore_errors -file /nethome/pdas36/ams/rtl_models/sha_engine/sha512/tb/session.inter.vpd.tcl -ignore_errors} {gui_load_session -ignore_errors -file /nethome/pdas36/ams/rtl_models/sha_engine/sha512/tb/session.inter.vpd.tcl} {gui_load_session -ignore_errors -file /nethome/pdas36/ams/rtl_models/sha_engine/sha256/tb/session.inter.vpd.tcl} {gui_load_session -ignore_errors -file /nethome/pdas36/harmonica_v2.0/src/control_divergence_stack/tb/session.inter.vpd.tcl -ignore_errors}}
gui_set_state_value -category Layout -key child_console_size_x -value 1758
gui_set_state_value -category Layout -key child_console_size_y -value 316
gui_set_state_value -category Layout -key child_data_coltype -value 579
gui_set_state_value -category Layout -key child_data_colvalue -value 526
gui_set_state_value -category Layout -key child_data_colvariable -value 718
gui_set_state_value -category Layout -key child_data_docknewline -value false
gui_set_state_value -category Layout -key child_data_dockstate -value undocked
gui_set_state_value -category Layout -key child_data_pos_x -value {-2}
gui_set_state_value -category Layout -key child_data_pos_y -value {-15}
gui_set_state_value -category Layout -key child_data_showstate -value maximized
gui_set_state_value -category Layout -key child_data_size_x -value 1763
gui_set_state_value -category Layout -key child_data_size_y -value 504
gui_set_state_value -category Layout -key child_driver_size_x -value 1470
gui_set_state_value -category Layout -key child_driver_size_y -value 325
gui_set_state_value -category Layout -key child_hier_col3 -value {-1}
gui_set_state_value -category Layout -key child_hier_colhier -value 1036
gui_set_state_value -category Layout -key child_hier_colpd -value 0
gui_set_state_value -category Layout -key child_hier_coltype -value 787
gui_set_state_value -category Layout -key child_hier_docknewline -value false
gui_set_state_value -category Layout -key child_hier_dockstate -value undocked
gui_set_state_value -category Layout -key child_hier_pos_x -value {-2}
gui_set_state_value -category Layout -key child_hier_pos_y -value {-15}
gui_set_state_value -category Layout -key child_hier_showstate -value maximized
gui_set_state_value -category Layout -key child_hier_size_x -value 1763
gui_set_state_value -category Layout -key child_hier_size_y -value 504
gui_set_state_value -category Layout -key child_schematic_docknewline -value false
gui_set_state_value -category Layout -key child_schematic_pos_x -value {-2}
gui_set_state_value -category Layout -key child_schematic_pos_y -value {-15}
gui_set_state_value -category Layout -key child_schematic_size_x -value 1768
gui_set_state_value -category Layout -key child_schematic_size_y -value 504
gui_set_state_value -category Layout -key child_source_docknewline -value false
gui_set_state_value -category Layout -key child_source_pos_x -value {-2}
gui_set_state_value -category Layout -key child_source_pos_y -value {-15}
gui_set_state_value -category Layout -key child_source_size_x -value 1763
gui_set_state_value -category Layout -key child_source_size_y -value 504
gui_set_state_value -category Layout -key child_wave_colname -value 174
gui_set_state_value -category Layout -key child_wave_colvalue -value 174
gui_set_state_value -category Layout -key child_wave_left -value 352
gui_set_state_value -category Layout -key child_wave_right -value 858
gui_set_state_value -category Layout -key main_pos_x -value 75
gui_set_state_value -category Layout -key main_pos_y -value 142
gui_set_state_value -category Layout -key main_size_x -value 1833
gui_set_state_value -category Layout -key main_size_y -value 1074
gui_set_state_value -category Layout -key stand_source_child_docknewline -value false
gui_set_state_value -category Layout -key stand_source_child_pos_x -value {-2}
gui_set_state_value -category Layout -key stand_source_child_pos_y -value {-15}
gui_set_state_value -category Layout -key stand_source_child_size_x -value 1859
gui_set_state_value -category Layout -key stand_source_child_size_y -value 943
gui_set_state_value -category Layout -key stand_source_top_pos_x -value 65
gui_set_state_value -category Layout -key stand_source_top_pos_y -value 24
gui_set_state_value -category Layout -key stand_source_top_size_x -value 1919
gui_set_state_value -category Layout -key stand_source_top_size_y -value 1079
gui_set_state_value -category Layout -key stand_wave_child_docknewline -value false
gui_set_state_value -category Layout -key stand_wave_child_pos_x -value {-2}
gui_set_state_value -category Layout -key stand_wave_child_pos_y -value {-15}
gui_set_state_value -category Layout -key stand_wave_child_size_x -value 1220
gui_set_state_value -category Layout -key stand_wave_child_size_y -value 507
gui_set_state_value -category Layout -key stand_wave_top_pos_x -value 372
gui_set_state_value -category Layout -key stand_wave_top_pos_y -value 459
gui_set_state_value -category Layout -key stand_wave_top_size_x -value 1587
gui_set_state_value -category Layout -key stand_wave_top_size_y -value 1078
gui_set_state_value -category SaveSession -key single_view_name -value Wave.1
gui_create_state_key -category FindDialog -key m_pMatchCase -value_type bool -value false
gui_create_state_key -category FindDialog -key m_pMatchWord -value_type bool -value false
gui_create_state_key -category FindDialog -key m_pUseCombo -value_type string -value {}
gui_create_state_key -category FindDialog -key m_pWrapAround -value_type bool -value true
gui_create_state_key -category Widget_History -key Find|m_pFindFrame|m_pFindCombo -value_type string -value {int_hash_cell_in wdata_14 wdata_15 next_state_sm3}
gui_create_state_key -category Widget_History -key TopLevel.1|qt_top_dock|&Edit|FindCombo -value_type string -value {int_hash_cell_in wdata_14 wdata_15 next_state_sm3}
gui_create_state_key -category Widget_History -key TopLevel.2|qt_top_dock|&Edit|FindCombo -value_type string -value {int_hash_cell_in wdata_14 wdata_15 next_state_sm3}
gui_create_state_key -category Widget_History -key dlgDumpValues|m_Combo -value_type string -value {tb test_top tb.STACK tb.WT tb.TOP}
gui_create_state_key -category Widget_History -key {dlgSimSetup|m_setupTab|tab pages|SimTab|m_VPDCombo} -value_type string -value inter.vpd
gui_create_state_key -category Widget_History -key {dlgSimSetup|m_setupTab|tab pages|SimTab|m_curDirCombo} -value_type string -value /nethome/pdas36/cs7290_f17/project_work/design/vcs
gui_create_state_key -category Widget_History -key {dlgSimSetup|m_setupTab|tab pages|SimTab|m_exeCombo} -value_type string -value ./simv
gui_state_default_create -off

# Begin command logging
gui_sim_run Ucli -exe ./simv -args {-ucligui  } -dir .
dump -add { tb }  -depth 0 -aggregates -scope "."
dump -add { tb }  -depth 0 -aggregates -scope "."
gui_sim_continue  
gui_list_expand -id  Hier.1   tb
gui_list_select -id Hier.1 -current_item_name tb.CDS -current_item_type Scope  -selected  { tb.CDS   }
gui_list_select -id Data.1 -selected  { tb.CDS.stack_empty   }
gui_list_select -id Data.1 { {tb.CDS.data_out[71:0]}  tb.CDS.data_vld  tb.CDS.clk  tb.CDS.rst_n  tb.CDS.is_branch  {tb.CDS.data_in_1[71:0]}  {tb.CDS.data_in_2[71:0]}  {tb.CDS.new_reconv_PC[31:0]}  {tb.CDS.fetch_PC[31:0]}  tb.CDS.stack_full  tb.CDS.sm_busy   }
gui_open_window Wave
gui_list_add -id Wave.1 -from Data.1 { tb.CDS.stack_empty {tb.CDS.data_out[71:0]} tb.CDS.data_vld tb.CDS.clk tb.CDS.rst_n tb.CDS.is_branch {tb.CDS.data_in_1[71:0]} {tb.CDS.data_in_2[71:0]} {tb.CDS.new_reconv_PC[31:0]} {tb.CDS.fetch_PC[31:0]} tb.CDS.stack_full tb.CDS.sm_busy } -insertionbar
gui_list_select -id Wave.1 -selected  { tb.CDS.is_branch   }
gui_list_select -id Wave.1 -selected  { tb.CDS.clk   }
gui_list_move  -id  Wave.1    -sid  Wave.1   -after Group1 {{tb.CDS.clk}}
gui_list_select -id Wave.1 -selected  { tb.CDS.rst_n   }
gui_list_move  -id  Wave.1    -sid  Wave.1   -after tb.CDS.clk {{tb.CDS.rst_n}} 
gui_list_select -id Wave.1 -selected  { tb.CDS.stack_empty   }
gui_list_move  -id  Wave.1    -sid  Wave.1   -after tb.CDS.sm_busy {{tb.CDS.stack_empty}} 
gui_list_select -id Wave.1 -selected  { {tb.CDS.data_out[71:0]}   }
gui_list_move  -id  Wave.1    -sid  Wave.1   -after tb.CDS.stack_empty {{tb.CDS.data_out[71:0]}} 
gui_list_select -id Wave.1 -selected  { tb.CDS.data_vld   }
gui_list_move  -id  Wave.1    -sid  Wave.1   -after tb.CDS.stack_empty {{tb.CDS.data_vld}} 
gui_list_select -id Wave.1 -selected  { {New Group}   }
gui_list_set_insertion_bar -id  Wave.1 -item  {New Group} -group  {New Group} -pos in
gui_zoom -window Wave.1 -factor 0.5
gui_zoom -window Wave.1 -factor 0.5
gui_zoom -window Wave.1 -factor 0.5
gui_wv_zoom_timerange -id  Wave.1 0 710
gui_wv_zoom_timerange -id  Wave.1 0 374
