16:33:22    16 -->                                                             [tcl] ucliGUI::connect -toolargs -ucligui -toolexe ./simv -pid 67705 -toolin /tmp/vcs_20180426203317_67704_pdas36..stdin -toolout /tmp/vcs_20180426203317_67704_pdas36..stdout  
16:33:22    17 -->                                                                 [tcl] set ucliGUI::state
16:33:22    18 -->                                                                     [tcl] gui_update_simulator_buttons
16:33:24    19 -->                                                                         [tcl] set ucliGUI::state
16:33:24    20 -->                                                                             [tcl] ucliCore::getToolPID
16:33:24    21 -->                                                                                 [tcl] synopsys::env hasTB
16:33:24    22 -->                                                                                     [tcl] trigger_hier_stack_context_switch 0
16:33:24    23 -->                                                                                         [tcl] synUtils::setDVEInitPhase 1
16:33:24    24 -->                                                                                             [tcl] gui_get_env SIMSETUP::SIMVPD
16:33:24    25 --> ...  [tcl] synopsys::dump -type VPD -file /nethome/pdas36/harmonica_v2.0/src/control_divergence_stack/tb/inter.vpd -locking
16:33:24    26 --> ...      [tcl] synopsys::dump -autoflush on -fid VPD0
16:33:24    27 --> ...          [tcl] set ::dve_fid VPD0
16:33:24    28 --> ...              [tcl] synUtils::setDVEInitPhase 0
16:33:24    29 --> ...                  [tcl] ucliCore::getToolPID
16:33:24    30 --> ...                      [tcl] synUtils::sendTool -active _icl_setToolSocket /tmp/smlnpKekXsV
16:33:24    31 --> ...                          [tcl] synUtils::sendTool -active {_icl_start_rpc -version "I-2014.03" -sync_file /tmp/vcs_dve_rpc.pdas36.67705}
16:33:24    32 --> ...                              [tcl] synUtils::sendTool -active {_icl_createSharedMemory /tmp/vcs_dve_general.pdas36.67705}
16:33:24    33 --> ...                                  [tcl] dveMisc::vbusExpand tb
16:33:24    34 --> ...                                      [tcl] config endofsim noexit
16:33:24    35 --> ...                                          [tcl] config onfail enable all
16:33:24    36 --> ...                                              [tcl] config syscaddplainmembers
16:33:24    37 --> ...                                                  [tcl] config syscaddsourcenames
16:33:24    38 --> ...                                                      [tcl] config syscaddstructtypes
16:33:24    39 --> ...                                                          [tcl] synopsys::listing -disable
16:33:31    40 --> ...                                                              [tcl] dump -add { tb }  -depth 0 -aggregates -scope "."
16:33:32    41 --> ...                                                                  [tcl] synopsys::run
16:33:32    42 --> ...                                                                      [tcl] set ucliGUI::state
16:33:32    43 --> ...                                                                          [tcl] set ucliGUI::state
16:33:32    44 --> ...                                                                              [tcl] set ucliGUI::state
16:33:32    45 --> ...                                                                                  [tcl] set ucliGUI::state
16:33:32    46 --> ...                                                                                      [tcl] catch {senv activeDomain} dveMisc::result 
16:33:32    47 --> ...                                                                                          [tcl] set dveMisc::result
16:33:32    48 --> ...                                                                                              [tcl] gui_update_simulator_buttons
16:33:38    49 --> ...                                                                                                  [tcl] dveMisc::vbusExpand tb.CDS
