set ucliGUI::state
set ucliGUI::state
ucliCore::getToolPID
synopsys::env hasTB
trigger_hier_stack_context_switch 0
synUtils::setDVEInitPhase 1
synopsys::dump -type VPD -file /nethome/pdas36/harmonica-vl-master/RTL0.0/src/register_file/tb/inter.vpd -locking
synopsys::dump -autoflush on -fid VPD0
set ::dve_fid VPD0
synUtils::setDVEInitPhase 0
ucliCore::getToolPID
synUtils::sendTool -active _icl_setToolSocket /tmp/smlnpJTtVd8
synUtils::sendTool -active {_icl_start_rpc -version "K-2015.09-SP2" -sync_file /tmp/vcs_dve_rpc.pdas36.86257}
synUtils::sendTool -active {_icl_createSharedMemory /tmp/vcs_dve_general.pdas36.86257}
config endofsim noexit
config onfail enable all
config syscaddplainmembers
config syscaddsourcenames
config syscaddstructtypes
synopsys::listing -disable
dump -add { tb }  -depth 0 -aggregates -scope "."
synopsys::dump -add {tb} -scope "." -depth 1 -fid VPD0
synopsys::run
set ucliGUI::state
set ucliGUI::state
set ucliGUI::state
set ucliGUI::state
if [catch {gui_sim_terminate}] {gui_sim_terminate -kill}
synopsys::finish
set ucliGUI::state
set ucliGUI::state
ucli_exit
