14:52:08    16 -->                                                             [tcl] ucliGUI::connect -toolargs -ucligui -toolexe ./simv -pid 86257 -toolin /tmp/vcs_20180129195203_86256_pdas36..stdin -toolout /tmp/vcs_20180129195203_86256_pdas36..stdout  
14:52:08    17 -->                                                                 [tcl] set ucliGUI::state
14:52:08    18 -->                                                                     [tcl] gui_update_simulator_buttons
14:52:10    19 -->                                                                         [tcl] set ucliGUI::state
14:52:10    20 -->                                                                             [tcl] ucliCore::getToolPID
14:52:10    21 -->                                                                                 [tcl] synopsys::env hasTB
14:52:10    22 -->                                                                                     [tcl] trigger_hier_stack_context_switch 0
14:52:10    23 -->                                                                                         [tcl] synUtils::setDVEInitPhase 1
14:52:10    24 -->                                                                                             [tcl] gui_get_env SIMSETUP::SIMVPD
14:52:10    25 --> ...  [tcl] synopsys::dump -type VPD -file /nethome/pdas36/harmonica-vl-master/RTL0.0/src/register_file/tb/inter.vpd -locking
14:52:10    26 --> ...      [tcl] synopsys::dump -autoflush on -fid VPD0
14:52:10    27 --> ...          [tcl] set ::dve_fid VPD0
14:52:10    28 --> ...              [tcl] synUtils::setDVEInitPhase 0
14:52:10    29 --> ...                  [tcl] ucliCore::getToolPID
14:52:10    30 --> ...                      [tcl] synUtils::sendTool -active _icl_setToolSocket /tmp/smlnpJTtVd8
14:52:10    31 --> ...                          [tcl] synUtils::sendTool -active {_icl_start_rpc -version "K-2015.09-SP2" -sync_file /tmp/vcs_dve_rpc.pdas36.86257}
14:52:10    32 --> ...                              [tcl] synUtils::sendTool -active {_icl_createSharedMemory /tmp/vcs_dve_general.pdas36.86257}
14:52:10    33 --> ...                                  [tcl] dveMisc::vbusExpand tb
14:52:10    34 --> ...                                      [tcl] config endofsim noexit
14:52:10    35 --> ...                                          [tcl] config onfail enable all
14:52:10    36 --> ...                                              [tcl] config syscaddplainmembers
14:52:10    37 --> ...                                                  [tcl] config syscaddsourcenames
14:52:10    38 --> ...                                                      [tcl] config syscaddstructtypes
14:52:10    39 --> ...                                                          [tcl] synopsys::listing -disable
14:52:22    40 --> ...                                                              [tcl] dump -add { tb }  -depth 0 -aggregates -scope "."
14:52:25    41 --> ...                                                                  [tcl] synopsys::dump -add {tb} -scope "." -depth 1 -fid VPD0
14:52:26    42 --> ...                                                                      [tcl] synopsys::run
14:52:26    43 --> ...                                                                          [tcl] set ucliGUI::state
14:52:26    44 --> ...                                                                              [tcl] set ucliGUI::state
14:52:26    45 --> ...                                                                                  [tcl] set ucliGUI::state
14:52:26    46 --> ...                                                                                      [tcl] set ucliGUI::state
14:52:26    47 --> ...                                                                                          [tcl] catch {senv activeDomain} dveMisc::result 
14:52:26    48 --> ...                                                                                              [tcl] set dveMisc::result
14:52:26    49 --> ...                                                                                                  [tcl] gui_update_simulator_buttons
14:52:41    50 --> ...  [tcl] if [catch {gui_sim_terminate}] {gui_sim_terminate -kill}
14:52:41    51 --> ...      [tcl] synopsys::finish
14:52:41    52 --> ...          [tcl] set ucliGUI::state
14:52:41    53 --> ...              [tcl] set ucliGUI::state
14:52:41    54 --> ...                  [tcl] catch {senv activeDomain} dveMisc::result 
14:52:41    55 --> ...                      [tcl] set dveMisc::result
14:52:41    56 --> ...                          [tcl] gui_update_simulator_buttons
14:52:41    57 --> ...                              [tcl] catch {senv activeDomain} dveMisc::result 
14:52:41    58 --> ...                                  [tcl] set dveMisc::result
14:52:41    59 --> ...                                      [tcl] ucli_exit
