# Preference setting overrides
gui_create_pref_key -category {Globals} -key {load_detail_for_funcov} -value_type {bool} -value {false}
gui_create_pref_category -category {schem_obj_name}
gui_create_pref_key -category {schem_obj_name} -key {show_cell_and_pin_with_symbol_name} -value_type {bool} -value {false}
gui_create_pref_key -category {schem_pin_hc} -key {textExtFont} -value_type {string} -value {Helvetica,10,-1,5,50,0,0,0,0,0}

# State setting overrides
gui_state_default_create -off -ini
gui_set_state_value -category Globals -key recent_databases -value {{gui_open_db -file /nethome/pdas36/harmonica-vl-master/RTL0.0/src/register_file/tb/inter.vpd -design V1}}
gui_set_state_value -category Globals -key recent_sessions -value {{gui_load_session -file /nethome/pdas36/cs7290_f17/project_work/design/vcs/session.inter.vpd.tcl -ignore_errors} {gui_load_session -file /nethome/pdas36/cs7290_f17/project_work/design/vcs/session.inter.vpd.tcl}}
gui_set_state_value -category Layout -key child_console_size_x -value 1254
gui_set_state_value -category Layout -key child_console_size_y -value 168
gui_set_state_value -category Layout -key child_data_coltype -value 443
gui_set_state_value -category Layout -key child_data_colvalue -value 372
gui_set_state_value -category Layout -key child_data_colvariable -value 515
gui_set_state_value -category Layout -key child_data_docknewline -value false
gui_set_state_value -category Layout -key child_data_dockstate -value undocked
gui_set_state_value -category Layout -key child_data_pos_x -value {-2}
gui_set_state_value -category Layout -key child_data_pos_y -value {-15}
gui_set_state_value -category Layout -key child_data_showstate -value maximized
gui_set_state_value -category Layout -key child_data_size_x -value 1259
gui_set_state_value -category Layout -key child_data_size_y -value 268
gui_set_state_value -category Layout -key child_driver_size_x -value 962
gui_set_state_value -category Layout -key child_driver_size_y -value 179
gui_set_state_value -category Layout -key child_hier_col3 -value {-1}
gui_set_state_value -category Layout -key child_hier_colhier -value 791
gui_set_state_value -category Layout -key child_hier_colpd -value 0
gui_set_state_value -category Layout -key child_hier_coltype -value 541
gui_set_state_value -category Layout -key child_hier_docknewline -value false
gui_set_state_value -category Layout -key child_hier_dockstate -value undocked
gui_set_state_value -category Layout -key child_hier_pos_x -value {-2}
gui_set_state_value -category Layout -key child_hier_pos_y -value {-15}
gui_set_state_value -category Layout -key child_hier_showstate -value maximized
gui_set_state_value -category Layout -key child_hier_size_x -value 1259
gui_set_state_value -category Layout -key child_hier_size_y -value 268
gui_set_state_value -category Layout -key child_schematic_docknewline -value false
gui_set_state_value -category Layout -key child_schematic_pos_x -value {-2}
gui_set_state_value -category Layout -key child_schematic_pos_y -value {-15}
gui_set_state_value -category Layout -key child_schematic_size_x -value 1266
gui_set_state_value -category Layout -key child_schematic_size_y -value 268
gui_set_state_value -category Layout -key child_source_docknewline -value false
gui_set_state_value -category Layout -key child_source_pos_x -value {-2}
gui_set_state_value -category Layout -key child_source_pos_y -value {-15}
gui_set_state_value -category Layout -key child_source_size_x -value 1259
gui_set_state_value -category Layout -key child_source_size_y -value 268
gui_set_state_value -category Layout -key child_wave_colname -value 190
gui_set_state_value -category Layout -key child_wave_colvalue -value 190
gui_set_state_value -category Layout -key child_wave_left -value 385
gui_set_state_value -category Layout -key child_wave_right -value 940
gui_set_state_value -category Layout -key main_pos_x -value 330
gui_set_state_value -category Layout -key main_pos_y -value 189
gui_set_state_value -category Layout -key main_size_x -value 1584
gui_set_state_value -category Layout -key main_size_y -value 737
gui_set_state_value -category Layout -key stand_source_child_docknewline -value false
gui_set_state_value -category Layout -key stand_source_child_pos_x -value {-2}
gui_set_state_value -category Layout -key stand_source_child_pos_y -value {-15}
gui_set_state_value -category Layout -key stand_source_child_size_x -value 1304
gui_set_state_value -category Layout -key stand_source_child_size_y -value 320
gui_set_state_value -category Layout -key stand_wave_child_docknewline -value false
gui_set_state_value -category Layout -key stand_wave_child_pos_x -value {-2}
gui_set_state_value -category Layout -key stand_wave_child_pos_y -value {-15}
gui_set_state_value -category Layout -key stand_wave_child_size_x -value 1335
gui_set_state_value -category Layout -key stand_wave_child_size_y -value 625
gui_set_state_value -category Layout -key stand_wave_top_pos_x -value 449
gui_set_state_value -category Layout -key stand_wave_top_pos_y -value 327
gui_set_state_value -category Layout -key stand_wave_top_size_x -value 1779
gui_set_state_value -category Layout -key stand_wave_top_size_y -value 1064
gui_create_state_key -category FindDialog -key m_pMatchCase -value_type bool -value false
gui_create_state_key -category FindDialog -key m_pMatchWord -value_type bool -value false
gui_create_state_key -category FindDialog -key m_pUseCombo -value_type string -value {}
gui_create_state_key -category FindDialog -key m_pWrapAround -value_type bool -value true
gui_create_state_key -category Widget_History -key Find|m_pFindFrame|m_pFindCombo -value_type string -value next_state_sm3
gui_create_state_key -category Widget_History -key TopLevel.1|qt_top_dock|&Edit|FindCombo -value_type string -value next_state_sm3
gui_create_state_key -category Widget_History -key TopLevel.2|qt_top_dock|&Edit|FindCombo -value_type string -value next_state_sm3
gui_create_state_key -category Widget_History -key dlgDumpValues|m_Combo -value_type string -value {tb tb.TOP tb.BM}
gui_create_state_key -category Widget_History -key {dlgSimSetup|m_setupTab|tab pages|SimTab|m_VPDCombo} -value_type string -value inter.vpd
gui_create_state_key -category Widget_History -key {dlgSimSetup|m_setupTab|tab pages|SimTab|m_curDirCombo} -value_type string -value /nethome/pdas36/cs7290_f17/project_work/design/vcs
gui_create_state_key -category Widget_History -key {dlgSimSetup|m_setupTab|tab pages|SimTab|m_exeCombo} -value_type string -value ./simv
gui_state_default_create -off

# Begin command logging
gui_sim_run Ucli -exe ./simv -args {-ucligui  } -dir .
dump -add { tb }  -depth 0 -aggregates -scope "."
dump -add { tb }  -depth 0 -aggregates -scope "."
gui_open_window Wave
gui_list_add -id Wave.1 -from Hier.1 { tb } -insertionbar
gui_sim_continue  
gui_zoom -window Wave.1 -full
gui_close_window -window TopLevel.2
