17:51:26    16 -->                                                             [tcl] ucliGUI::connect -toolargs -ucligui -toolexe ./simv -pid 66130 -toolin /tmp/vcs_20180202225122_66129_pdas36..stdin -toolout /tmp/vcs_20180202225122_66129_pdas36..stdout  
17:51:26    17 -->                                                                 [tcl] set ucliGUI::state
17:51:27    18 -->                                                                     [tcl] gui_update_simulator_buttons
17:51:28    19 -->                                                                         [tcl] set ucliGUI::state
17:51:28    20 -->                                                                             [tcl] ucliCore::getToolPID
17:51:28    21 -->                                                                                 [tcl] synopsys::env hasTB
17:51:28    22 -->                                                                                     [tcl] trigger_hier_stack_context_switch 0
17:51:28    23 -->                                                                                         [tcl] synUtils::setDVEInitPhase 1
17:51:28    24 -->                                                                                             [tcl] gui_get_env SIMSETUP::SIMVPD
17:51:28    25 --> ...  [tcl] synopsys::dump -type VPD -file /nethome/pdas36/harmonica_v2.0/src/predicate_register_block/tb/inter.vpd -locking
17:51:28    26 --> ...      [tcl] synopsys::dump -autoflush on -fid VPD0
17:51:28    27 --> ...          [tcl] set ::dve_fid VPD0
17:51:28    28 --> ...              [tcl] synUtils::setDVEInitPhase 0
17:51:28    29 --> ...                  [tcl] ucliCore::getToolPID
17:51:28    30 --> ...                      [tcl] synUtils::sendTool -active _icl_setToolSocket /tmp/smlnp2WSsAX
17:51:28    31 --> ...                          [tcl] synUtils::sendTool -active {_icl_start_rpc -version "I-2014.03" -sync_file /tmp/vcs_dve_rpc.pdas36.66130}
17:51:28    32 --> ...                              [tcl] synUtils::sendTool -active {_icl_createSharedMemory /tmp/vcs_dve_general.pdas36.66130}
17:51:28    33 --> ...                                  [tcl] dveMisc::vbusExpand tb
17:51:29    34 --> ...                                      [tcl] ucliGUI::vpdAddHierarchy -scope tb -depth 1 -file /nethome/pdas36/harmonica_v2.0/src/predicate_register_block/tb/inter.vpd; synopsys::dump -flush VPD0
17:51:29    35 --> ...                                          [tcl] config endofsim noexit
17:51:29    36 --> ...                                              [tcl] config onfail enable all
17:51:29    37 --> ...                                                  [tcl] config syscaddplainmembers
17:51:29    38 --> ...                                                      [tcl] config syscaddsourcenames
17:51:29    39 --> ...                                                          [tcl] config syscaddstructtypes
17:51:29    40 --> ...                                                              [tcl] synopsys::listing -disable
17:51:48    41 --> ...                                                                  [tcl] dump -add { tb }  -depth 0 -aggregates -scope "."
17:51:50    42 --> ...                                                                      [tcl] synopsys::run
17:51:50    43 --> ...                                                                          [tcl] set ucliGUI::state
17:51:50    44 --> ...                                                                              [tcl] set ucliGUI::state
17:51:50    45 --> ...                                                                                  [tcl] set ucliGUI::state
17:51:50    46 --> ...                                                                                      [tcl] set ucliGUI::state
17:51:50    47 --> ...                                                                                          [tcl] catch {senv activeDomain} dveMisc::result 
17:51:50    48 --> ...                                                                                              [tcl] set dveMisc::result
17:51:50    49 --> ...                                                                                                  [tcl] gui_update_simulator_buttons
17:52:05    50 --> ...  [tcl] if [catch {gui_sim_terminate}] {gui_sim_terminate -kill}
17:52:05    51 --> ...      [tcl] synopsys::finish
17:52:05    52 --> ...          [tcl] set ucliGUI::state
17:52:05    53 --> ...              [tcl] set ucliGUI::state
17:52:05    54 --> ...                  [tcl] catch {senv activeDomain} dveMisc::result 
17:52:05    55 --> ...                      [tcl] set dveMisc::result
17:52:05    56 --> ...                          [tcl] gui_update_simulator_buttons
17:52:05    57 --> ...                              [tcl] catch {senv activeDomain} dveMisc::result 
17:52:05    58 --> ...                                  [tcl] set dveMisc::result
17:52:05    59 --> ...                                      [tcl] ucli_exit
